<?xml version="1.0" encoding="UTF-8"?>
<!-- Generated by org.testng.reporters.JUnitReportReporter -->
<testsuite skipped="0" hostname="LAZ-TH-L-M-0053" name="com.infy.qa.testcases.HomePageTest" tests="4" failures="0" timestamp="17 May 2018 07:04:25 GMT" time="53.881" errors="0">
  <testcase name="verifyCreateClientLinkTest" time="14.595" classname="com.infy.qa.testcases.HomePageTest"/>
  <testcase name="verifyHomepageTitleTest" time="12.449" classname="com.infy.qa.testcases.HomePageTest"/>
  <testcase name="verifyUserNameTest" time="11.918" classname="com.infy.qa.testcases.HomePageTest"/>
  <testcase name="verifyUsernameLinkTest" time="14.919" classname="com.infy.qa.testcases.HomePageTest"/>
</testsuite> <!-- com.infy.qa.testcases.HomePageTest -->
