<?xml version="1.0" encoding="UTF-8"?>
<!-- Generated by org.testng.reporters.JUnitReportReporter -->
<testsuite skipped="0" hostname="LAZ-TH-L-M-0053" name="com.infy.qa.testcases.LoginPageTest" tests="3" failures="0" timestamp="18 May 2018 13:07:42 GMT" time="29.535" errors="0">
  <testcase name="loginPageTitleTest" time="8.381" classname="com.infy.qa.testcases.LoginPageTest"/>
  <testcase name="customLogoTest" time="8.709" classname="com.infy.qa.testcases.LoginPageTest"/>
  <testcase name="loginTest" time="12.445" classname="com.infy.qa.testcases.LoginPageTest"/>
</testsuite> <!-- com.infy.qa.testcases.LoginPageTest -->
