<?xml version="1.0" encoding="UTF-8"?>
<!-- Generated by org.testng.reporters.JUnitReportReporter -->
<testsuite skipped="0" hostname="LAZ-TH-L-M-0053" name="com.infy.qa.testcases.LoginPageTest" tests="3" failures="0" timestamp="16 May 2018 22:39:42 GMT" time="52.836" errors="0">
  <testcase name="loginPageTitleTest" time="14.621" classname="com.infy.qa.testcases.LoginPageTest"/>
  <testcase name="customLogoTest" time="14.603" classname="com.infy.qa.testcases.LoginPageTest"/>
  <testcase name="loginTest" time="23.612" classname="com.infy.qa.testcases.LoginPageTest"/>
</testsuite> <!-- com.infy.qa.testcases.LoginPageTest -->
