<?xml version="1.0" encoding="UTF-8"?>
<!-- Generated by org.testng.reporters.JUnitReportReporter -->
<testsuite skipped="0" hostname="LAZ-TH-L-M-0053" name="com.infy.qa.testcases.HomePageTest" tests="4" failures="0" timestamp="17 May 2018 08:07:22 GMT" time="49.815" errors="0">
  <testcase name="verifyCreateClientLinkTest" time="12.769" classname="com.infy.qa.testcases.HomePageTest"/>
  <testcase name="verifyHomepageTitleTest" time="12.671" classname="com.infy.qa.testcases.HomePageTest"/>
  <testcase name="verifyUserNameTest" time="12.560" classname="com.infy.qa.testcases.HomePageTest"/>
  <testcase name="verifyUsernameLinkTest" time="11.815" classname="com.infy.qa.testcases.HomePageTest"/>
</testsuite> <!-- com.infy.qa.testcases.HomePageTest -->
