<?xml version="1.0" encoding="UTF-8"?>
<!-- Generated by org.testng.reporters.JUnitReportReporter -->
<testsuite skipped="0" hostname="LAZ-TH-L-M-0053" name="com.infy.qa.testcases.LoginPageTest" tests="3" failures="0" timestamp="17 May 2018 07:23:30 GMT" time="26.829" errors="0">
  <testcase name="loginPageTitleTest" time="8.293" classname="com.infy.qa.testcases.LoginPageTest"/>
  <testcase name="customLogoTest" time="7.823" classname="com.infy.qa.testcases.LoginPageTest"/>
  <testcase name="loginTest" time="10.713" classname="com.infy.qa.testcases.LoginPageTest"/>
</testsuite> <!-- com.infy.qa.testcases.LoginPageTest -->
