<?xml version="1.0" encoding="UTF-8"?>
<!-- Generated by org.testng.reporters.JUnitReportReporter -->
<testsuite skipped="0" hostname="LAZ-TH-L-M-0053" name="com.infy.qa.testcases.HomePageTest" tests="4" failures="0" timestamp="17 May 2018 06:21:36 GMT" time="69.396" errors="0">
  <testcase name="verifyCreateClientLinkTest" time="24.463" classname="com.infy.qa.testcases.HomePageTest"/>
  <testcase name="verifyHomepageTitleTest" time="12.143" classname="com.infy.qa.testcases.HomePageTest"/>
  <testcase name="verifyUserNameTest" time="12.374" classname="com.infy.qa.testcases.HomePageTest"/>
  <testcase name="verifyUsernameLinkTest" time="20.416" classname="com.infy.qa.testcases.HomePageTest"/>
</testsuite> <!-- com.infy.qa.testcases.HomePageTest -->
