<?xml version="1.0" encoding="UTF-8"?>
<!-- Generated by org.testng.reporters.JUnitReportReporter -->
<testsuite skipped="0" hostname="LAZ-TH-L-M-0053" name="com.infy.qa.testcases.HomePageTest" tests="4" failures="0" timestamp="18 May 2018 17:57:21 GMT" time="56.901" errors="0">
  <testcase name="verifyCreateClientLinkTest" time="12.830" classname="com.infy.qa.testcases.HomePageTest"/>
  <testcase name="verifyHomepageTitleTest" time="13.830" classname="com.infy.qa.testcases.HomePageTest"/>
  <testcase name="verifyUserNameTest" time="10.967" classname="com.infy.qa.testcases.HomePageTest"/>
  <testcase name="verifyUsernameLinkTest" time="19.274" classname="com.infy.qa.testcases.HomePageTest"/>
</testsuite> <!-- com.infy.qa.testcases.HomePageTest -->
