<?xml version="1.0" encoding="UTF-8"?>
<!-- Generated by org.testng.reporters.JUnitReportReporter -->
<testsuite skipped="0" hostname="LAZ-TH-L-M-0053" name="com.infy.qa.testcases.LoginPageTest" tests="3" failures="0" timestamp="17 May 2018 08:07:22 GMT" time="29.614" errors="0">
  <testcase name="loginPageTitleTest" time="10.057" classname="com.infy.qa.testcases.LoginPageTest"/>
  <testcase name="customLogoTest" time="8.122" classname="com.infy.qa.testcases.LoginPageTest"/>
  <testcase name="loginTest" time="11.435" classname="com.infy.qa.testcases.LoginPageTest"/>
</testsuite> <!-- com.infy.qa.testcases.LoginPageTest -->
