<?xml version="1.0" encoding="UTF-8"?>
<!-- Generated by org.testng.reporters.JUnitReportReporter -->
<testsuite skipped="0" hostname="LAZ-TH-L-M-0053" name="com.infy.qa.testcases.LoginPageTest" tests="3" failures="0" timestamp="27 May 2018 17:56:03 GMT" time="32.991" errors="0">
  <testcase name="loginPageTitleTest" time="10.370" classname="com.infy.qa.testcases.LoginPageTest"/>
  <testcase name="customLogoTest" time="9.431" classname="com.infy.qa.testcases.LoginPageTest"/>
  <testcase name="loginTest" time="13.190" classname="com.infy.qa.testcases.LoginPageTest"/>
</testsuite> <!-- com.infy.qa.testcases.LoginPageTest -->
