<?xml version="1.0" encoding="UTF-8"?>
<!-- Generated by org.testng.reporters.JUnitReportReporter -->
<testsuite skipped="0" hostname="LAZ-TH-L-M-0053" name="com.infy.qa.testcases.LoginPageTest" tests="1" failures="0" timestamp="16 May 2018 10:49:06 GMT" time="22.803" errors="0">
  <testcase name="loginTest" time="22.803" classname="com.infy.qa.testcases.LoginPageTest"/>
</testsuite> <!-- com.infy.qa.testcases.LoginPageTest -->
