<?xml version="1.0" encoding="UTF-8"?>
<!-- Generated by org.testng.reporters.JUnitReportReporter -->
<testsuite skipped="0" hostname="LAZ-TH-L-M-0053" name="com.infy.qa.testcases.LoginPageTest" tests="3" failures="0" timestamp="17 May 2018 07:28:07 GMT" time="27.918" errors="0">
  <testcase name="loginPageTitleTest" time="7.899" classname="com.infy.qa.testcases.LoginPageTest"/>
  <testcase name="customLogoTest" time="8.200" classname="com.infy.qa.testcases.LoginPageTest"/>
  <testcase name="loginTest" time="11.819" classname="com.infy.qa.testcases.LoginPageTest"/>
</testsuite> <!-- com.infy.qa.testcases.LoginPageTest -->
