<?xml version="1.0" encoding="UTF-8"?>
<!-- Generated by org.testng.reporters.JUnitReportReporter -->
<testsuite skipped="0" hostname="LAZ-TH-L-M-0053" name="com.infy.qa.testcases.LoginPageTest" tests="3" failures="0" timestamp="18 May 2018 18:01:58 GMT" time="32.033" errors="0">
  <testcase name="loginPageTitleTest" time="8.280" classname="com.infy.qa.testcases.LoginPageTest"/>
  <testcase name="customLogoTest" time="8.508" classname="com.infy.qa.testcases.LoginPageTest"/>
  <testcase name="loginTest" time="15.245" classname="com.infy.qa.testcases.LoginPageTest"/>
</testsuite> <!-- com.infy.qa.testcases.LoginPageTest -->
